0 verbose cli /usr/local/bin/node /usr/local/bin/npm
1 info using npm@10.8.2
2 info using node@v20.19.1
3 silly config load:file:/usr/local/lib/node_modules/npm/npmrc
4 silly config load:file:/home/project/.npmrc
5 silly config load:file:/home/.npmrc
6 silly config load:file:/usr/local/etc/npmrc
7 verbose title npm i @angular/cli@17 @angular-devkit/build-angular@17
8 verbose argv "i" "--save-dev" "@angular/cli@17" "@angular-devkit/build-angular@17"
9 verbose logfile logs-max:10 dir:/home/project/.npm-cache/_logs/2025-10-19T02_59_24_630Z-
10 verbose logfile /home/project/.npm-cache/_logs/2025-10-19T02_59_24_630Z-debug-0.log
11 silly packumentCache heap:9007199254740991 maxSize:2251799813685247 maxEntrySize:1125899906842623
12 silly logfile done cleaning log files
13 verbose stack Error: Failed to pre-resolve dependencies
13 verbose stack     at _0x91f87b (https://w-credentialless-staticblitz.com/fetch.worker.96435430.js:1:248502)
13 verbose stack     at async _0x42e725 (https://w-credentialless-staticblitz.com/fetch.worker.96435430.js:1:246267)
14 error Failed to pre-resolve dependencies
15 silly unfinished npm timer reify 1760842764912
16 silly unfinished npm timer reify:loadTrees 1760842764917
17 verbose cwd /home/project
18 verbose os Linux 5.0 (Windows NT 10.0; Win64; x64) AppleWebKit/537.36 (KHTML, like Gecko) Chrome/141.0.0.0 Safari/537.36
19 verbose node v20.19.1
20 verbose npm  v10.8.2
21 verbose exit 1
22 verbose code 1
23 error A complete log of this run can be found in: /home/project/.npm-cache/_logs/2025-10-19T02_59_24_630Z-debug-0.log
