0 verbose cli /usr/local/bin/node /usr/local/lib/node_modules/npm/bin/npm-cli.js
1 info using npm@10.8.2
2 info using node@v20.19.1
3 silly config load:file:/usr/local/lib/node_modules/npm/npmrc
4 silly config load:file:/home/project/.npmrc
5 silly config load:file:/home/.npmrc
6 silly config load:file:/usr/local/etc/npmrc
7 verbose title npm exec ng serve --host 0.0.0.0 --port 4200 --no-open
8 verbose argv "exec" "--yes" "--package" "@angular/cli@17" "--package" "@angular-devkit/build-angular@17" "--" "ng" "serve" "--host" "0.0.0.0" "--port" "4200" "--no-open"
9 verbose logfile logs-max:10 dir:/home/project/.npm-cache/_logs/2025-10-19T03_08_16_520Z-
10 verbose logfile /home/project/.npm-cache/_logs/2025-10-19T03_08_16_520Z-debug-0.log
11 silly packumentCache heap:9007199254740991 maxSize:2251799813685247 maxEntrySize:1125899906842623
12 silly logfile done cleaning log files
13 http fetch GET 200 https://registry.npmjs.org/@angular%2fcli 686ms (cache updated)
14 http fetch GET 200 https://registry.npmjs.org/@angular-devkit%2fbuild-angular 777ms (cache updated)
15 silly packumentCache heap:9007199254740991 maxSize:2251799813685247 maxEntrySize:1125899906842623
16 verbose cwd /home/project
17 verbose os Linux 5.0 (Windows NT 10.0; Win64; x64) AppleWebKit/537.36 (KHTML, like Gecko) Chrome/141.0.0.0 Safari/537.36
18 verbose node v20.19.1
19 verbose npm  v10.8.2
20 verbose exit 1
21 verbose code 1
